<?xml version="1.0" encoding="UTF-8"?>
<testsuite xmlns:xsi="http://www.w3.org/2001/XMLSchema-instance" xsi:schemaLocation="https://maven.apache.org/surefire/maven-surefire-plugin/xsd/surefire-test-report.xsd" name="dao.Sql2oNewsDaoTest" time="11.95" tests="5" errors="5" skipped="0" failures="0">
  <properties>
[...]
</properties>
  <testcase name="getAll" classname="dao.Sql2oNewsDaoTest" time="2.942">
    <error message="Could not acquire a connection from DataSource - FATAL: no pg_hba.conf entry for host &quot;41.212.116.98&quot;, user &quot;fvvikmppgjhovk&quot;, database &quot;da93g9c21mukon&quot;, SSL off" type="org.sql2o.Sql2oException">org.sql2o.Sql2oException: Could not acquire a connection from DataSource - FATAL: no pg_hba.conf entry for host "41.212.116.98", user "fvvikmppgjhovk", database "da93g9c21mukon", SSL off
	at dao.Sql2oNewsDaoTest.setUp(Sql2oNewsDaoTest.java:36)
Caused by: org.postgresql.util.PSQLException: FATAL: no pg_hba.conf entry for host "41.212.116.98", user "fvvikmppgjhovk", database "da93g9c21mukon", SSL off
	at dao.Sql2oNewsDaoTest.setUp(Sql2oNewsDaoTest.java:36)
</error>
    <system-out><![CDATA[connected to database
org.sql2o.Sql2oException: Could not acquire a connection from DataSource - FATAL: no pg_hba.conf entry for host "41.212.116.98", user "fvvikmppgjhovk", database "da93g9c21mukon", SSL off
org.sql2o.Sql2oException: Could not acquire a connection from DataSource - FATAL: no pg_hba.conf entry for host "41.212.116.98", user "fvvikmppgjhovk", database "da93g9c21mukon", SSL off
org.sql2o.Sql2oException: Could not acquire a connection from DataSource - FATAL: no pg_hba.conf entry for host "41.212.116.98", user "fvvikmppgjhovk", database "da93g9c21mukon", SSL off
clearing database
]]></system-out>
  </testcase>
  <testcase name="addNews" classname="dao.Sql2oNewsDaoTest" time="2.661">
    <error message="Could not acquire a connection from DataSource - FATAL: no pg_hba.conf entry for host &quot;41.212.116.98&quot;, user &quot;fvvikmppgjhovk&quot;, database &quot;da93g9c21mukon&quot;, SSL off" type="org.sql2o.Sql2oException">org.sql2o.Sql2oException: Could not acquire a connection from DataSource - FATAL: no pg_hba.conf entry for host "41.212.116.98", user "fvvikmppgjhovk", database "da93g9c21mukon", SSL off
	at dao.Sql2oNewsDaoTest.setUp(Sql2oNewsDaoTest.java:36)
Caused by: org.postgresql.util.PSQLException: FATAL: no pg_hba.conf entry for host "41.212.116.98", user "fvvikmppgjhovk", database "da93g9c21mukon", SSL off
	at dao.Sql2oNewsDaoTest.setUp(Sql2oNewsDaoTest.java:36)
</error>
    <system-out><![CDATA[connected to database
org.sql2o.Sql2oException: Could not acquire a connection from DataSource - FATAL: no pg_hba.conf entry for host "41.212.116.98", user "fvvikmppgjhovk", database "da93g9c21mukon", SSL off
org.sql2o.Sql2oException: Could not acquire a connection from DataSource - FATAL: no pg_hba.conf entry for host "41.212.116.98", user "fvvikmppgjhovk", database "da93g9c21mukon", SSL off
org.sql2o.Sql2oException: Could not acquire a connection from DataSource - FATAL: no pg_hba.conf entry for host "41.212.116.98", user "fvvikmppgjhovk", database "da93g9c21mukon", SSL off
clearing database
]]></system-out>
  </testcase>
  <testcase name="findById" classname="dao.Sql2oNewsDaoTest" time="3.173">
    <error message="Could not acquire a connection from DataSource - FATAL: no pg_hba.conf entry for host &quot;41.212.116.98&quot;, user &quot;fvvikmppgjhovk&quot;, database &quot;da93g9c21mukon&quot;, SSL off" type="org.sql2o.Sql2oException">org.sql2o.Sql2oException: Could not acquire a connection from DataSource - FATAL: no pg_hba.conf entry for host "41.212.116.98", user "fvvikmppgjhovk", database "da93g9c21mukon", SSL off
	at dao.Sql2oNewsDaoTest.setUp(Sql2oNewsDaoTest.java:36)
Caused by: org.postgresql.util.PSQLException: FATAL: no pg_hba.conf entry for host "41.212.116.98", user "fvvikmppgjhovk", database "da93g9c21mukon", SSL off
	at dao.Sql2oNewsDaoTest.setUp(Sql2oNewsDaoTest.java:36)
</error>
    <system-out><![CDATA[connected to database
org.sql2o.Sql2oException: Could not acquire a connection from DataSource - FATAL: no pg_hba.conf entry for host "41.212.116.98", user "fvvikmppgjhovk", database "da93g9c21mukon", SSL off
org.sql2o.Sql2oException: Could not acquire a connection from DataSource - FATAL: no pg_hba.conf entry for host "41.212.116.98", user "fvvikmppgjhovk", database "da93g9c21mukon", SSL off
org.sql2o.Sql2oException: Could not acquire a connection from DataSource - FATAL: no pg_hba.conf entry for host "41.212.116.98", user "fvvikmppgjhovk", database "da93g9c21mukon", SSL off
clearing database
]]></system-out>
  </testcase>
  <testcase name="addDepartmentNews" classname="dao.Sql2oNewsDaoTest" time="3.172">
    <error message="Could not acquire a connection from DataSource - FATAL: no pg_hba.conf entry for host &quot;41.212.116.98&quot;, user &quot;fvvikmppgjhovk&quot;, database &quot;da93g9c21mukon&quot;, SSL off" type="org.sql2o.Sql2oException">org.sql2o.Sql2oException: Could not acquire a connection from DataSource - FATAL: no pg_hba.conf entry for host "41.212.116.98", user "fvvikmppgjhovk", database "da93g9c21mukon", SSL off
	at dao.Sql2oNewsDaoTest.setUp(Sql2oNewsDaoTest.java:36)
Caused by: org.postgresql.util.PSQLException: FATAL: no pg_hba.conf entry for host "41.212.116.98", user "fvvikmppgjhovk", database "da93g9c21mukon", SSL off
	at dao.Sql2oNewsDaoTest.setUp(Sql2oNewsDaoTest.java:36)
</error>
    <system-out><![CDATA[connected to database
org.sql2o.Sql2oException: Could not acquire a connection from DataSource - FATAL: no pg_hba.conf entry for host "41.212.116.98", user "fvvikmppgjhovk", database "da93g9c21mukon", SSL off
org.sql2o.Sql2oException: Could not acquire a connection from DataSource - FATAL: no pg_hba.conf entry for host "41.212.116.98", user "fvvikmppgjhovk", database "da93g9c21mukon", SSL off
org.sql2o.Sql2oException: Could not acquire a connection from DataSource - FATAL: no pg_hba.conf entry for host "41.212.116.98", user "fvvikmppgjhovk", database "da93g9c21mukon", SSL off
clearing database
]]></system-out>
  </testcase>
  <testcase name="dao.Sql2oNewsDaoTest" classname="dao.Sql2oNewsDaoTest" time="3.173">
    <error type="java.lang.NullPointerException">java.lang.NullPointerException
	at dao.Sql2oNewsDaoTest.shutDown(Sql2oNewsDaoTest.java:49)
</error>
  </testcase>
</testsuite>